Started GET "/" for 127.0.0.1 at 2017-09-18 21:27:29 -0400
  
ActiveRecord::NoDatabaseError (FATAL:  database "final-project-backend_development" does not exist
):
  
activerecord (5.1.4) lib/active_record/connection_adapters/postgresql_adapter.rb:699:in `rescue in connect'
activerecord (5.1.4) lib/active_record/connection_adapters/postgresql_adapter.rb:695:in `connect'
activerecord (5.1.4) lib/active_record/connection_adapters/postgresql_adapter.rb:220:in `initialize'
activerecord (5.1.4) lib/active_record/connection_adapters/postgresql_adapter.rb:38:in `new'
activerecord (5.1.4) lib/active_record/connection_adapters/postgresql_adapter.rb:38:in `postgresql_connection'
activerecord (5.1.4) lib/active_record/connection_adapters/abstract/connection_pool.rb:759:in `new_connection'
activerecord (5.1.4) lib/active_record/connection_adapters/abstract/connection_pool.rb:803:in `checkout_new_connection'
activerecord (5.1.4) lib/active_record/connection_adapters/abstract/connection_pool.rb:782:in `try_to_checkout_new_connection'
activerecord (5.1.4) lib/active_record/connection_adapters/abstract/connection_pool.rb:743:in `acquire_connection'
activerecord (5.1.4) lib/active_record/connection_adapters/abstract/connection_pool.rb:500:in `checkout'
activerecord (5.1.4) lib/active_record/connection_adapters/abstract/connection_pool.rb:374:in `connection'
activerecord (5.1.4) lib/active_record/connection_adapters/abstract/connection_pool.rb:931:in `retrieve_connection'
activerecord (5.1.4) lib/active_record/connection_handling.rb:116:in `retrieve_connection'
activerecord (5.1.4) lib/active_record/connection_handling.rb:88:in `connection'
activerecord (5.1.4) lib/active_record/migration.rb:562:in `connection'
activerecord (5.1.4) lib/active_record/migration.rb:553:in `call'
actionpack (5.1.4) lib/action_dispatch/middleware/callbacks.rb:26:in `block in call'
activesupport (5.1.4) lib/active_support/callbacks.rb:97:in `run_callbacks'
actionpack (5.1.4) lib/action_dispatch/middleware/callbacks.rb:24:in `call'
actionpack (5.1.4) lib/action_dispatch/middleware/executor.rb:12:in `call'
actionpack (5.1.4) lib/action_dispatch/middleware/debug_exceptions.rb:59:in `call'
actionpack (5.1.4) lib/action_dispatch/middleware/show_exceptions.rb:31:in `call'
railties (5.1.4) lib/rails/rack/logger.rb:36:in `call_app'
railties (5.1.4) lib/rails/rack/logger.rb:24:in `block in call'
activesupport (5.1.4) lib/active_support/tagged_logging.rb:69:in `block in tagged'
activesupport (5.1.4) lib/active_support/tagged_logging.rb:26:in `tagged'
activesupport (5.1.4) lib/active_support/tagged_logging.rb:69:in `tagged'
railties (5.1.4) lib/rails/rack/logger.rb:24:in `call'
actionpack (5.1.4) lib/action_dispatch/middleware/remote_ip.rb:79:in `call'
actionpack (5.1.4) lib/action_dispatch/middleware/request_id.rb:25:in `call'
rack (2.0.3) lib/rack/runtime.rb:22:in `call'
activesupport (5.1.4) lib/active_support/cache/strategy/local_cache_middleware.rb:27:in `call'
actionpack (5.1.4) lib/action_dispatch/middleware/executor.rb:12:in `call'
actionpack (5.1.4) lib/action_dispatch/middleware/static.rb:125:in `call'
rack (2.0.3) lib/rack/sendfile.rb:111:in `call'
rack-cors (1.0.1) lib/rack/cors.rb:93:in `call'
railties (5.1.4) lib/rails/engine.rb:522:in `call'
puma (3.10.0) lib/puma/configuration.rb:225:in `call'
puma (3.10.0) lib/puma/server.rb:605:in `handle_request'
puma (3.10.0) lib/puma/server.rb:437:in `process_client'
puma (3.10.0) lib/puma/server.rb:301:in `block in run'
puma (3.10.0) lib/puma/thread_pool.rb:120:in `block in spawn_thread'
Started GET "/listings/10%20Vauxhall%20Road,%20East%20Brunswick,%20NJ%2008816" for 127.0.0.1 at 2017-09-18 21:29:08 -0400
  
ActiveRecord::NoDatabaseError (FATAL:  database "final-project-backend_development" does not exist
):
  
activerecord (5.1.4) lib/active_record/connection_adapters/postgresql_adapter.rb:699:in `rescue in connect'
activerecord (5.1.4) lib/active_record/connection_adapters/postgresql_adapter.rb:695:in `connect'
activerecord (5.1.4) lib/active_record/connection_adapters/postgresql_adapter.rb:220:in `initialize'
activerecord (5.1.4) lib/active_record/connection_adapters/postgresql_adapter.rb:38:in `new'
activerecord (5.1.4) lib/active_record/connection_adapters/postgresql_adapter.rb:38:in `postgresql_connection'
activerecord (5.1.4) lib/active_record/connection_adapters/abstract/connection_pool.rb:759:in `new_connection'
activerecord (5.1.4) lib/active_record/connection_adapters/abstract/connection_pool.rb:803:in `checkout_new_connection'
activerecord (5.1.4) lib/active_record/connection_adapters/abstract/connection_pool.rb:782:in `try_to_checkout_new_connection'
activerecord (5.1.4) lib/active_record/connection_adapters/abstract/connection_pool.rb:743:in `acquire_connection'
activerecord (5.1.4) lib/active_record/connection_adapters/abstract/connection_pool.rb:500:in `checkout'
activerecord (5.1.4) lib/active_record/connection_adapters/abstract/connection_pool.rb:374:in `connection'
activerecord (5.1.4) lib/active_record/connection_adapters/abstract/connection_pool.rb:931:in `retrieve_connection'
activerecord (5.1.4) lib/active_record/connection_handling.rb:116:in `retrieve_connection'
activerecord (5.1.4) lib/active_record/connection_handling.rb:88:in `connection'
activerecord (5.1.4) lib/active_record/migration.rb:562:in `connection'
activerecord (5.1.4) lib/active_record/migration.rb:553:in `call'
actionpack (5.1.4) lib/action_dispatch/middleware/callbacks.rb:26:in `block in call'
activesupport (5.1.4) lib/active_support/callbacks.rb:97:in `run_callbacks'
actionpack (5.1.4) lib/action_dispatch/middleware/callbacks.rb:24:in `call'
actionpack (5.1.4) lib/action_dispatch/middleware/executor.rb:12:in `call'
actionpack (5.1.4) lib/action_dispatch/middleware/debug_exceptions.rb:59:in `call'
actionpack (5.1.4) lib/action_dispatch/middleware/show_exceptions.rb:31:in `call'
railties (5.1.4) lib/rails/rack/logger.rb:36:in `call_app'
railties (5.1.4) lib/rails/rack/logger.rb:24:in `block in call'
activesupport (5.1.4) lib/active_support/tagged_logging.rb:69:in `block in tagged'
activesupport (5.1.4) lib/active_support/tagged_logging.rb:26:in `tagged'
activesupport (5.1.4) lib/active_support/tagged_logging.rb:69:in `tagged'
railties (5.1.4) lib/rails/rack/logger.rb:24:in `call'
actionpack (5.1.4) lib/action_dispatch/middleware/remote_ip.rb:79:in `call'
actionpack (5.1.4) lib/action_dispatch/middleware/request_id.rb:25:in `call'
rack (2.0.3) lib/rack/runtime.rb:22:in `call'
activesupport (5.1.4) lib/active_support/cache/strategy/local_cache_middleware.rb:27:in `call'
actionpack (5.1.4) lib/action_dispatch/middleware/executor.rb:12:in `call'
actionpack (5.1.4) lib/action_dispatch/middleware/static.rb:125:in `call'
rack (2.0.3) lib/rack/sendfile.rb:111:in `call'
rack-cors (1.0.1) lib/rack/cors.rb:93:in `call'
railties (5.1.4) lib/rails/engine.rb:522:in `call'
puma (3.10.0) lib/puma/configuration.rb:225:in `call'
puma (3.10.0) lib/puma/server.rb:605:in `handle_request'
puma (3.10.0) lib/puma/server.rb:437:in `process_client'
puma (3.10.0) lib/puma/server.rb:301:in `block in run'
puma (3.10.0) lib/puma/thread_pool.rb:120:in `block in spawn_thread'
  [1m[35m (387.0ms)[0m  [1m[35mCREATE TABLE "schema_migrations" ("version" character varying NOT NULL PRIMARY KEY)[0m
  [1m[35m (55.5ms)[0m  [1m[35mCREATE TABLE "ar_internal_metadata" ("key" character varying NOT NULL PRIMARY KEY, "value" character varying, "created_at" timestamp NOT NULL, "updated_at" timestamp NOT NULL)[0m
  [1m[35m (23.3ms)[0m  [1m[34mSELECT pg_try_advisory_lock(3557450376734866080)[0m
  [1m[35m (4.0ms)[0m  [1m[34mSELECT "schema_migrations"."version" FROM "schema_migrations" ORDER BY "schema_migrations"."version" ASC[0m
Migrating to CreateUsers (20170917194532)
  [1m[35m (41.2ms)[0m  [1m[35mBEGIN[0m
  [1m[35m (97.3ms)[0m  [1m[35mCREATE TABLE "users" ("id" bigserial primary key, "username" character varying, "password_digest" character varying, "created_at" timestamp NOT NULL, "updated_at" timestamp NOT NULL)[0m
  [1m[35mSQL (74.4ms)[0m  [1m[32mINSERT INTO "schema_migrations" ("version") VALUES ($1) RETURNING "version"[0m  [["version", "20170917194532"]]
  [1m[35m (5.9ms)[0m  [1m[35mCOMMIT[0m
Migrating to CreateListings (20170917194633)
  [1m[35m (25.0ms)[0m  [1m[35mBEGIN[0m
  [1m[35m (10.7ms)[0m  [1m[35mCREATE TABLE "listings" ("id" bigserial primary key, "number" character varying, "street" character varying, "town" character varying, "state" character varying, "zip_code" character varying, "created_at" timestamp NOT NULL, "updated_at" timestamp NOT NULL)[0m
  [1m[35mSQL (2.7ms)[0m  [1m[32mINSERT INTO "schema_migrations" ("version") VALUES ($1) RETURNING "version"[0m  [["version", "20170917194633"]]
  [1m[35m (1.4ms)[0m  [1m[35mCOMMIT[0m
Migrating to CreateUserListings (20170917194706)
  [1m[35m (25.9ms)[0m  [1m[35mBEGIN[0m
  [1m[35m (19.5ms)[0m  [1m[35mCREATE TABLE "user_listings" ("id" bigserial primary key, "user_id" integer, "listing_id" integer, "created_at" timestamp NOT NULL, "updated_at" timestamp NOT NULL)[0m
  [1m[35mSQL (0.6ms)[0m  [1m[32mINSERT INTO "schema_migrations" ("version") VALUES ($1) RETURNING "version"[0m  [["version", "20170917194706"]]
  [1m[35m (1.1ms)[0m  [1m[35mCOMMIT[0m
  [1m[36mActiveRecord::InternalMetadata Load (0.8ms)[0m  [1m[34mSELECT  "ar_internal_metadata".* FROM "ar_internal_metadata" WHERE "ar_internal_metadata"."key" = $1 LIMIT $2[0m  [["key", "environment"], ["LIMIT", 1]]
  [1m[35m (0.2ms)[0m  [1m[35mBEGIN[0m
  [1m[35mSQL (16.4ms)[0m  [1m[32mINSERT INTO "ar_internal_metadata" ("key", "value", "created_at", "updated_at") VALUES ($1, $2, $3, $4) RETURNING "key"[0m  [["key", "environment"], ["value", "development"], ["created_at", "2017-09-19 01:31:30.819065"], ["updated_at", "2017-09-19 01:31:30.819065"]]
  [1m[35m (1.1ms)[0m  [1m[35mCOMMIT[0m
  [1m[35m (0.5ms)[0m  [1m[34mSELECT pg_advisory_unlock(3557450376734866080)[0m
  [1m[35m (41.7ms)[0m  [1m[34mSELECT "schema_migrations"."version" FROM "schema_migrations" ORDER BY "schema_migrations"."version" ASC[0m
Started GET "/listings/10%20Vauxhall%20Road,%20East%20Brunswick,%20NJ%2008816" for 127.0.0.1 at 2017-09-18 21:33:11 -0400
  [1m[35m (23.2ms)[0m  [1m[34mSELECT "schema_migrations"."version" FROM "schema_migrations" ORDER BY "schema_migrations"."version" ASC[0m
  
ActionController::RoutingError (No route matches [GET] "/listings/10%20Vauxhall%20Road,%20East%20Brunswick,%20NJ%2008816"):
  
actionpack (5.1.4) lib/action_dispatch/middleware/debug_exceptions.rb:63:in `call'
actionpack (5.1.4) lib/action_dispatch/middleware/show_exceptions.rb:31:in `call'
railties (5.1.4) lib/rails/rack/logger.rb:36:in `call_app'
railties (5.1.4) lib/rails/rack/logger.rb:24:in `block in call'
activesupport (5.1.4) lib/active_support/tagged_logging.rb:69:in `block in tagged'
activesupport (5.1.4) lib/active_support/tagged_logging.rb:26:in `tagged'
activesupport (5.1.4) lib/active_support/tagged_logging.rb:69:in `tagged'
railties (5.1.4) lib/rails/rack/logger.rb:24:in `call'
actionpack (5.1.4) lib/action_dispatch/middleware/remote_ip.rb:79:in `call'
actionpack (5.1.4) lib/action_dispatch/middleware/request_id.rb:25:in `call'
rack (2.0.3) lib/rack/runtime.rb:22:in `call'
activesupport (5.1.4) lib/active_support/cache/strategy/local_cache_middleware.rb:27:in `call'
actionpack (5.1.4) lib/action_dispatch/middleware/executor.rb:12:in `call'
actionpack (5.1.4) lib/action_dispatch/middleware/static.rb:125:in `call'
rack (2.0.3) lib/rack/sendfile.rb:111:in `call'
rack-cors (1.0.1) lib/rack/cors.rb:93:in `call'
railties (5.1.4) lib/rails/engine.rb:522:in `call'
puma (3.10.0) lib/puma/configuration.rb:225:in `call'
puma (3.10.0) lib/puma/server.rb:605:in `handle_request'
puma (3.10.0) lib/puma/server.rb:437:in `process_client'
puma (3.10.0) lib/puma/server.rb:301:in `block in run'
puma (3.10.0) lib/puma/thread_pool.rb:120:in `block in spawn_thread'
Started GET "/api/v1/listings/10%20Vauxhall%20Road,%20East%20Brunswick,%20NJ%2008816" for 127.0.0.1 at 2017-09-18 21:34:34 -0400
Processing by Api::V1::ListingsController#get_listing as */*
  Parameters: {"address"=>"10 Vauxhall Road, East Brunswick, NJ 08816"}
Completed 500 Internal Server Error in 1591780ms (ActiveRecord: 0.0ms)


Started GET "/api/v1/listings/10%20Vauxhall%20Road,%20East%20Brunswick,%20NJ%2008816" for 127.0.0.1 at 2017-09-18 22:01:06 -0400
  
SystemExit (exit):
  
(byebug):1:in `exit'
(byebug):1:in `get_listing'
app/controllers/api/v1/listings_controller.rb:11:in `get_listing'
Started GET "/api/v1/listings/10%20Vauxhall%20Road,%20East%20Brunswick,%20NJ%2008816" for 127.0.0.1 at 2017-09-18 22:01:21 -0400
  
SyntaxError (/Users/andrewschittone/Development/final-project-backend/app/controllers/api/v1/listings_controller.rb:9: syntax error, unexpected tIDENTIFIER, expecting keyword_end
...ce/GetDeepSearchResults.htm?zws-id=<ZWSID>&address=2114+Bige...
...                               ^
/Users/andrewschittone/Development/final-project-backend/app/controllers/api/v1/listings_controller.rb:9: syntax error, unexpected '<'
...tDeepSearchResults.htm?zws-id=<ZWSID>&address=2114+Bigelow+A...
...                               ^
/Users/andrewschittone/Development/final-project-backend/app/controllers/api/v1/listings_controller.rb:9: syntax error, unexpected tCONSTANT, expecting keyword_end
...low+Ave&citystatezip=Seattle%2C+WA
...                               ^
/Users/andrewschittone/Development/final-project-backend/app/controllers/api/v1/listings_controller.rb:10: syntax error, unexpected tIDENTIFIER, expecting keyword_end
...tUpdatedPropertyDetails.htm?zws-id=<ZWSID>&zpid=48749425
...                               ^
/Users/andrewschittone/Development/final-project-backend/app/controllers/api/v1/listings_controller.rb:10: syntax error, unexpected '<'
...tedPropertyDetails.htm?zws-id=<ZWSID>&zpid=48749425
...                               ^):
  
app/controllers/api/v1/listings_controller.rb:9: syntax error, unexpected tIDENTIFIER, expecting keyword_end
app/controllers/api/v1/listings_controller.rb:9: syntax error, unexpected '<'
app/controllers/api/v1/listings_controller.rb:9: syntax error, unexpected tCONSTANT, expecting keyword_end
app/controllers/api/v1/listings_controller.rb:10: syntax error, unexpected tIDENTIFIER, expecting keyword_end
app/controllers/api/v1/listings_controller.rb:10: syntax error, unexpected '<'
  
SyntaxError (/Users/andrewschittone/Development/final-project-backend/app/controllers/api/v1/listings_controller.rb:9: syntax error, unexpected tIDENTIFIER, expecting keyword_end
...ce/GetDeepSearchResults.htm?zws-id=<ZWSID>&address=2114+Bige...
...                               ^
/Users/andrewschittone/Development/final-project-backend/app/controllers/api/v1/listings_controller.rb:9: syntax error, unexpected '<'
...tDeepSearchResults.htm?zws-id=<ZWSID>&address=2114+Bigelow+A...
...                               ^
/Users/andrewschittone/Development/final-project-backend/app/controllers/api/v1/listings_controller.rb:9: syntax error, unexpected tCONSTANT, expecting keyword_end
...low+Ave&citystatezip=Seattle%2C+WA
...                               ^
/Users/andrewschittone/Development/final-project-backend/app/controllers/api/v1/listings_controller.rb:10: syntax error, unexpected tIDENTIFIER, expecting keyword_end
...tUpdatedPropertyDetails.htm?zws-id=<ZWSID>&zpid=48749425
...                               ^
/Users/andrewschittone/Development/final-project-backend/app/controllers/api/v1/listings_controller.rb:10: syntax error, unexpected '<'
...tedPropertyDetails.htm?zws-id=<ZWSID>&zpid=48749425
...                               ^):
  
app/controllers/api/v1/listings_controller.rb:9: syntax error, unexpected tIDENTIFIER, expecting keyword_end
app/controllers/api/v1/listings_controller.rb:9: syntax error, unexpected '<'
app/controllers/api/v1/listings_controller.rb:9: syntax error, unexpected tCONSTANT, expecting keyword_end
app/controllers/api/v1/listings_controller.rb:10: syntax error, unexpected tIDENTIFIER, expecting keyword_end
app/controllers/api/v1/listings_controller.rb:10: syntax error, unexpected '<'
Started GET "/api/v1/listings/10%20Vauxhall%20Road,%20East%20Brunswick,%20NJ%2008816" for 127.0.0.1 at 2017-09-19 09:06:11 -0400
  [1m[35m (20.7ms)[0m  [1m[34mSELECT "schema_migrations"."version" FROM "schema_migrations" ORDER BY "schema_migrations"."version" ASC[0m
Processing by Api::V1::ListingsController#get_listing as */*
  Parameters: {"address"=>"10 Vauxhall Road, East Brunswick, NJ 08816"}
Completed 500 Internal Server Error in 751927ms (ActiveRecord: 0.0ms)


Started GET "/api/v1/listings/10%20Vauxhall%20Road,%20East%20Brunswick,%20NJ%2008816" for 127.0.0.1 at 2017-09-19 09:18:44 -0400
Processing by Api::V1::ListingsController#get_listing as */*
  Parameters: {"address"=>"10 Vauxhall Road, East Brunswick, NJ 08816"}
Completed 204 No Content in 4227ms (ActiveRecord: 0.0ms)


  
SystemExit (exit):
  
(byebug):1:in `exit'
(byebug):1:in `split_address'
app/controllers/api/v1/listings_controller.rb:23:in `split_address'
app/controllers/api/v1/listings_controller.rb:7:in `get_listing'
Started GET "/api/v1/listings/10%20Vauxhall%20Road,%20East%20Brunswick,%20NJ%2008816" for 127.0.0.1 at 2017-09-19 09:19:29 -0400
Processing by Api::V1::ListingsController#get_listing as */*
  Parameters: {"address"=>"10 Vauxhall Road, East Brunswick, NJ 08816"}
Completed 500 Internal Server Error in 58573ms (ActiveRecord: 0.0ms)


  
SystemExit (exit):
  
(byebug):1:in `exit'
(byebug):1:in `get_listing'
app/controllers/api/v1/listings_controller.rb:9:in `get_listing'
Started GET "/api/v1/listings/10%20Vauxhall%20Road,%20East%20Brunswick,%20NJ%2008816" for 127.0.0.1 at 2017-09-19 09:20:56 -0400
Processing by Api::V1::ListingsController#get_listing as */*
  Parameters: {"address"=>"10 Vauxhall Road, East Brunswick, NJ 08816"}
Completed 500 Internal Server Error in 77412ms (ActiveRecord: 0.0ms)


  
SystemExit (exit):
  
(byebug):1:in `exit'
(byebug):1:in `get_listing'
app/controllers/api/v1/listings_controller.rb:15:in `get_listing'
Started GET "/api/v1/listings/10%20Vauxhall%20Road,%20East%20Brunswick,%20NJ%2008816" for 127.0.0.1 at 2017-09-19 09:22:24 -0400
Processing by Api::V1::ListingsController#get_listing as */*
  Parameters: {"address"=>"10 Vauxhall Road, East Brunswick, NJ 08816"}
Completed 500 Internal Server Error in 193870ms (ActiveRecord: 0.0ms)


  
SystemExit (exit):
  
(byebug):1:in `exit'
(byebug):1:in `get_listing'
app/controllers/api/v1/listings_controller.rb:15:in `get_listing'
Started GET "/api/v1/listings/10%20Vauxhall%20Road,%20East%20Brunswick,%20NJ%2008816" for 127.0.0.1 at 2017-09-19 09:28:50 -0400
  [1m[35m (34.5ms)[0m  [1m[34mSELECT "schema_migrations"."version" FROM "schema_migrations" ORDER BY "schema_migrations"."version" ASC[0m
Processing by Api::V1::ListingsController#get_listing as */*
  Parameters: {"address"=>"10 Vauxhall Road, East Brunswick, NJ 08816"}
Started GET "/api/v1/listings/10%20Vauxhall%20Road,%20East%20Brunswick,%20NJ%2008816" for 127.0.0.1 at 2017-09-19 10:13:47 -0400
Completed 500 Internal Server Error in 2695989ms (ActiveRecord: 0.0ms)


Started GET "/api/v1/listings/10%20Vauxhall%20Road,%20East%20Brunswick,%20NJ%2008816" for 127.0.0.1 at 2017-09-19 10:13:48 -0400
Started GET "/api/v1/listings/10%20Vauxhall%20Road,%20East%20Brunswick,%20NJ%2008816" for 127.0.0.1 at 2017-09-19 10:13:48 -0400
Started GET "/api/v1/listings/10%20Vauxhall%20Road,%20East%20Brunswick,%20NJ%2008816" for 127.0.0.1 at 2017-09-19 10:13:48 -0400
  
SystemExit (exit):
  
(byebug):1:in `exit'
(byebug):1:in `get_listing'
app/controllers/api/v1/listings_controller.rb:17:in `get_listing'
Started GET "/api/v1/listings/10%20Vauxhall%20Road,%20East%20Brunswick,%20NJ%2008816" for 127.0.0.1 at 2017-09-19 10:14:07 -0400
  
  
SyntaxError (/Users/andrewschittone/Development/final-project-backend/app/controllers/api/v1/listings_controller.rb:16: syntax error, unexpected tIDENTIFIER, expecting ')'
	def get_sort_details(zillow_id, original results)
	                                                ^
/Users/andrewschittone/Development/final-project-backend/app/controllers/api/v1/listings_controller.rb:39: syntax error, unexpected keyword_end, expecting end-of-input):
  
app/controllers/api/v1/listings_controller.rb:16: syntax error, unexpected tIDENTIFIER, expecting ')'
app/controllers/api/v1/listings_controller.rb:39: syntax error, unexpected keyword_end, expecting end-of-input
SyntaxError (/Users/andrewschittone/Development/final-project-backend/app/controllers/api/v1/listings_controller.rb:16: syntax error, unexpected tIDENTIFIER, expecting ')'
	def get_sort_details(zillow_id, original results)
	                                                ^
/Users/andrewschittone/Development/final-project-backend/app/controllers/api/v1/listings_controller.rb:39: syntax error, unexpected keyword_end, expecting end-of-input):
  
app/controllers/api/v1/listings_controller.rb:16: syntax error, unexpected tIDENTIFIER, expecting ')'
app/controllers/api/v1/listings_controller.rb:39: syntax error, unexpected keyword_end, expecting end-of-input
  
  
SyntaxError (/Users/andrewschittone/Development/final-project-backend/app/controllers/api/v1/listings_controller.rb:16: syntax error, unexpected tIDENTIFIER, expecting ')'
	def get_sort_details(zillow_id, original results)
	                                                ^
/Users/andrewschittone/Development/final-project-backend/app/controllers/api/v1/listings_controller.rb:39: syntax error, unexpected keyword_end, expecting end-of-input):
SyntaxError (/Users/andrewschittone/Development/final-project-backend/app/controllers/api/v1/listings_controller.rb:16: syntax error, unexpected tIDENTIFIER, expecting ')'
	def get_sort_details(zillow_id, original results)
	                                                ^
/Users/andrewschittone/Development/final-project-backend/app/controllers/api/v1/listings_controller.rb:39: syntax error, unexpected keyword_end, expecting end-of-input):
  
  
app/controllers/api/v1/listings_controller.rb:16: syntax error, unexpected tIDENTIFIER, expecting ')'
app/controllers/api/v1/listings_controller.rb:39: syntax error, unexpected keyword_end, expecting end-of-input
app/controllers/api/v1/listings_controller.rb:16: syntax error, unexpected tIDENTIFIER, expecting ')'
app/controllers/api/v1/listings_controller.rb:39: syntax error, unexpected keyword_end, expecting end-of-input
  
SyntaxError (/Users/andrewschittone/Development/final-project-backend/app/controllers/api/v1/listings_controller.rb:16: syntax error, unexpected tIDENTIFIER, expecting ')'
	def get_sort_details(zillow_id, original results)
	                                                ^
/Users/andrewschittone/Development/final-project-backend/app/controllers/api/v1/listings_controller.rb:39: syntax error, unexpected keyword_end, expecting end-of-input):
  
app/controllers/api/v1/listings_controller.rb:16: syntax error, unexpected tIDENTIFIER, expecting ')'
app/controllers/api/v1/listings_controller.rb:39: syntax error, unexpected keyword_end, expecting end-of-input
Started GET "/api/v1/listings/10%20Vauxhall%20Road,%20East%20Brunswick,%20NJ%2008816" for 127.0.0.1 at 2017-09-19 10:16:12 -0400
  
SyntaxError (/Users/andrewschittone/Development/final-project-backend/app/controllers/api/v1/listings_controller.rb:16: syntax error, unexpected tIDENTIFIER, expecting ')'
	def get_sort_details(zillow_id, original results)
	                                                ^
/Users/andrewschittone/Development/final-project-backend/app/controllers/api/v1/listings_controller.rb:39: syntax error, unexpected keyword_end, expecting end-of-input):
  
app/controllers/api/v1/listings_controller.rb:16: syntax error, unexpected tIDENTIFIER, expecting ')'
app/controllers/api/v1/listings_controller.rb:39: syntax error, unexpected keyword_end, expecting end-of-input
Started GET "/api/v1/listings/10%20Vauxhall%20Road,%20East%20Brunswick,%20NJ%2008816" for 127.0.0.1 at 2017-09-19 10:19:24 -0400
  
SyntaxError (/Users/andrewschittone/Development/final-project-backend/app/controllers/api/v1/listings_controller.rb:16: syntax error, unexpected tIDENTIFIER, expecting ')'
	def get_sort_details(zillow_id, original results)
	                                                ^
/Users/andrewschittone/Development/final-project-backend/app/controllers/api/v1/listings_controller.rb:39: syntax error, unexpected keyword_end, expecting end-of-input):
  
app/controllers/api/v1/listings_controller.rb:16: syntax error, unexpected tIDENTIFIER, expecting ')'
app/controllers/api/v1/listings_controller.rb:39: syntax error, unexpected keyword_end, expecting end-of-input
Started GET "/api/v1/listings/10%20Vauxhall%20Road,%20East%20Brunswick,%20NJ%2008816" for 127.0.0.1 at 2017-09-19 10:19:55 -0400
  
SyntaxError (/Users/andrewschittone/Development/final-project-backend/app/controllers/api/v1/listings_controller.rb:16: syntax error, unexpected tIDENTIFIER, expecting ')'
	def get_sort_details(zillow_id, original results)
	                                                ^
/Users/andrewschittone/Development/final-project-backend/app/controllers/api/v1/listings_controller.rb:39: syntax error, unexpected keyword_end, expecting end-of-input):
  
app/controllers/api/v1/listings_controller.rb:16: syntax error, unexpected tIDENTIFIER, expecting ')'
app/controllers/api/v1/listings_controller.rb:39: syntax error, unexpected keyword_end, expecting end-of-input
Started GET "/api/v1/listings/10%20Vauxhall%20Road,%20East%20Brunswick,%20NJ%2008816" for 127.0.0.1 at 2017-09-19 10:30:50 -0400
Processing by Api::V1::ListingsController#get_listing as */*
  Parameters: {"address"=>"10 Vauxhall Road, East Brunswick, NJ 08816"}
Completed 500 Internal Server Error in 95970ms (ActiveRecord: 0.0ms)


  
SystemExit (exit):
  
(byebug):1:in `exit'
(byebug):1:in `get_sort_details'
app/controllers/api/v1/listings_controller.rb:24:in `get_sort_details'
app/controllers/api/v1/listings_controller.rb:11:in `get_listing'
Started GET "/api/v1/listings/10%20Vauxhall%20Road,%20East%20Brunswick,%20NJ%2008816" for 127.0.0.1 at 2017-09-19 10:33:13 -0400
Processing by Api::V1::ListingsController#get_listing as */*
  Parameters: {"address"=>"10 Vauxhall Road, East Brunswick, NJ 08816"}
Completed 500 Internal Server Error in 51031ms (ActiveRecord: 0.0ms)


  
SystemExit (exit):
  
(byebug):1:in `exit'
(byebug):1:in `get_sort_details'
app/controllers/api/v1/listings_controller.rb:24:in `get_sort_details'
app/controllers/api/v1/listings_controller.rb:11:in `get_listing'
Started GET "/api/v1/listings/924%20Garden%20St%20APT%203L,%20Hoboken,%20NJ%2007030" for 127.0.0.1 at 2017-09-19 10:37:21 -0400
Processing by Api::V1::ListingsController#get_listing as */*
  Parameters: {"address"=>"924 Garden St APT 3L, Hoboken, NJ 07030"}
Started GET "/api/v1/listings/10%20Vauxhall%20Road,%20East%20Brunswick,%20NJ%2008816" for 127.0.0.1 at 2017-09-19 10:42:26 -0400
Completed 500 Internal Server Error in 304122ms (ActiveRecord: 0.0ms)


  
SystemExit (exit):
  
(byebug):1:in `exit'
(byebug):1:in `get_sort_details'
app/controllers/api/v1/listings_controller.rb:25:in `get_sort_details'
app/controllers/api/v1/listings_controller.rb:12:in `get_listing'
Processing by Api::V1::ListingsController#get_listing as */*
  Parameters: {"address"=>"10 Vauxhall Road, East Brunswick, NJ 08816"}
Completed 500 Internal Server Error in 35835ms (ActiveRecord: 0.0ms)


  
SystemExit (exit):
  
(byebug):1:in `exit'
(byebug):1:in `get_listing'
app/controllers/api/v1/listings_controller.rb:13:in `get_listing'
Started GET "/api/v1/listings/924%20Garden%20St%20APT%203L,%20Hoboken,%20NJ%2007030" for 127.0.0.1 at 2017-09-19 10:43:12 -0400
Processing by Api::V1::ListingsController#get_listing as */*
  Parameters: {"address"=>"924 Garden St APT 3L, Hoboken, NJ 07030"}
Completed 500 Internal Server Error in 196508ms (ActiveRecord: 0.0ms)


  
SystemExit (exit):
  
(byebug):1:in `exit'
(byebug):1:in `get_listing'
app/controllers/api/v1/listings_controller.rb:13:in `get_listing'
Started GET "/api/v1/listings/450%207th%20St%20APT%203R,%20Hoboken,%20NJ%2007030" for 127.0.0.1 at 2017-09-19 10:46:40 -0400
Processing by Api::V1::ListingsController#get_listing as */*
  Parameters: {"address"=>"450 7th St APT 3R, Hoboken, NJ 07030"}
Completed 500 Internal Server Error in 223404ms (ActiveRecord: 0.0ms)


  
SystemExit (exit):
  
(byebug):1:in `exit'
(byebug):1:in `get_listing'
app/controllers/api/v1/listings_controller.rb:13:in `get_listing'
Started GET "/api/v1/listings/705%20Firethorn%20Dr,%20Union,%20NJ%2007083" for 127.0.0.1 at 2017-09-19 10:50:27 -0400
Processing by Api::V1::ListingsController#get_listing as */*
  Parameters: {"address"=>"705 Firethorn Dr, Union, NJ 07083"}
Completed 500 Internal Server Error in 424668ms (ActiveRecord: 0.0ms)


  
SystemExit (exit):
  
(byebug):1:in `exit'
(byebug):1:in `get_listing'
app/controllers/api/v1/listings_controller.rb:13:in `get_listing'
Started GET "/api/v1/listings/10%20Vauxhall%20Road,%20East%20Brunswick,%20NJ%2008816" for 127.0.0.1 at 2017-09-19 11:02:49 -0400
Processing by Api::V1::ListingsController#get_listing as */*
  Parameters: {"address"=>"10 Vauxhall Road, East Brunswick, NJ 08816"}
Completed 500 Internal Server Error in 117374ms (ActiveRecord: 0.0ms)


  
SystemExit (exit):
  
(byebug):1:in `exit'
(byebug):1:in `get_listing'
app/controllers/api/v1/listings_controller.rb:13:in `get_listing'
Started GET "/api/v1/listings/1057%20Coolidge%20Rd,%20Elizabeth,%20NJ%2007208" for 127.0.0.1 at 2017-09-19 11:05:01 -0400
Processing by Api::V1::ListingsController#get_listing as */*
  Parameters: {"address"=>"1057 Coolidge Rd, Elizabeth, NJ 07208"}
Completed 500 Internal Server Error in 284312ms (ActiveRecord: 0.0ms)


  
SystemExit (exit):
  
(byebug):1:in `exit'
(byebug):1:in `get_listing'
app/controllers/api/v1/listings_controller.rb:13:in `get_listing'
Started GET "/api/v1/listings/1057%20Coolidge%20Rd,%20Elizabeth,%20NJ%2007208" for 127.0.0.1 at 2017-09-19 11:09:53 -0400
Processing by Api::V1::ListingsController#get_listing as */*
  Parameters: {"address"=>"1057 Coolidge Rd, Elizabeth, NJ 07208"}
Completed 500 Internal Server Error in 4124694ms (ActiveRecord: 0.0ms)


  
SystemExit (exit):
  
(byebug):1:in `exit'
(byebug):1:in `get_sort_details'
app/controllers/api/v1/listings_controller.rb:29:in `get_sort_details'
app/controllers/api/v1/listings_controller.rb:13:in `get_listing'
Started GET "/api/v1/listings/1057%20Coolidge%20Rd,%20Elizabeth,%20NJ%2007208" for 127.0.0.1 at 2017-09-19 12:18:52 -0400
Processing by Api::V1::ListingsController#get_listing as */*
  Parameters: {"address"=>"1057 Coolidge Rd, Elizabeth, NJ 07208"}
Completed 500 Internal Server Error in 5746385ms (ActiveRecord: 0.0ms)


  
SystemExit (exit):
  
(byebug):1:in `exit'
(byebug):1:in `get_listing'
app/controllers/api/v1/listings_controller.rb:13:in `get_listing'
Started GET "/api/v1/listings/1057%20Coolidge%20Rd,%20Elizabeth,%20NJ%2007208" for 127.0.0.1 at 2017-09-19 13:55:27 -0400
Processing by Api::V1::ListingsController#get_listing as */*
  Parameters: {"address"=>"1057 Coolidge Rd, Elizabeth, NJ 07208"}
Completed 500 Internal Server Error in 2952ms (ActiveRecord: 0.0ms)


  
NameError (undefined local variable or method `undefined' for #<Api::V1::ListingsController:0x007f8d17aff130>):
  
app/controllers/api/v1/listings_controller.rb:16:in `get_sort_details'
app/controllers/api/v1/listings_controller.rb:11:in `get_listing'
Started GET "/api/v1/listings/1057%20Coolidge%20Rd,%20Elizabeth,%20NJ%2007208" for 127.0.0.1 at 2017-09-19 13:56:09 -0400
Processing by Api::V1::ListingsController#get_listing as */*
  Parameters: {"address"=>"1057 Coolidge Rd, Elizabeth, NJ 07208"}
Completed 500 Internal Server Error in 789642ms (ActiveRecord: 0.0ms)


  
SystemExit (exit):
  
(byebug):1:in `exit'
(byebug):1:in `get_sort_details'
app/controllers/api/v1/listings_controller.rb:20:in `get_sort_details'
app/controllers/api/v1/listings_controller.rb:11:in `get_listing'
Started GET "/api/v1/listings/1057%20Coolidge%20Rd,%20Elizabeth,%20NJ%2007208" for 127.0.0.1 at 2017-09-19 14:09:50 -0400
Processing by Api::V1::ListingsController#get_listing as */*
  Parameters: {"address"=>"1057 Coolidge Rd, Elizabeth, NJ 07208"}
Completed 500 Internal Server Error in 38134ms (ActiveRecord: 0.0ms)


  
SystemExit (exit):
  
(byebug):1:in `exit'
(byebug):1:in `get_sort_details'
app/controllers/api/v1/listings_controller.rb:20:in `get_sort_details'
app/controllers/api/v1/listings_controller.rb:11:in `get_listing'
Started GET "/api/v1/listings/1057%20Coolidge%20Rd,%20Elizabeth,%20NJ%2007208" for 127.0.0.1 at 2017-09-19 14:10:38 -0400
Processing by Api::V1::ListingsController#get_listing as */*
  Parameters: {"address"=>"1057 Coolidge Rd, Elizabeth, NJ 07208"}
Completed 500 Internal Server Error in 1352405ms (ActiveRecord: 0.0ms)


  
SystemExit (exit):
  
(byebug):1:in `exit'
(byebug):1:in `get_sort_details'
app/controllers/api/v1/listings_controller.rb:20:in `get_sort_details'
app/controllers/api/v1/listings_controller.rb:11:in `get_listing'
Started GET "/api/v1/listings/1057%20Coolidge%20Rd,%20Elizabeth,%20NJ%2007208" for 127.0.0.1 at 2017-09-19 14:35:45 -0400
Processing by Api::V1::ListingsController#get_listing as */*
  Parameters: {"address"=>"1057 Coolidge Rd, Elizabeth, NJ 07208"}
Completed 500 Internal Server Error in 37837ms (ActiveRecord: 0.0ms)


  
SystemExit (exit):
  
(byebug):1:in `exit'
(byebug):1:in `get_sort_details'
app/controllers/api/v1/listings_controller.rb:21:in `get_sort_details'
app/controllers/api/v1/listings_controller.rb:11:in `get_listing'
Started GET "/api/v1/listings/1057%20Coolidge%20Rd,%20Elizabeth,%20NJ%2007208" for 127.0.0.1 at 2017-09-19 14:36:34 -0400
Processing by Api::V1::ListingsController#get_listing as */*
  Parameters: {"address"=>"1057 Coolidge Rd, Elizabeth, NJ 07208"}
Completed 500 Internal Server Error in 56699ms (ActiveRecord: 0.0ms)


  
SystemExit (exit):
  
(byebug):1:in `exit'
(byebug):1:in `get_sort_details'
app/controllers/api/v1/listings_controller.rb:35:in `get_sort_details'
app/controllers/api/v1/listings_controller.rb:11:in `get_listing'
Started GET "/api/v1/listings/10%20Vauxhall%20Road,%20East%20Brunswick,%20NJ%2008816" for 127.0.0.1 at 2017-09-19 14:37:47 -0400
Processing by Api::V1::ListingsController#get_listing as */*
  Parameters: {"address"=>"10 Vauxhall Road, East Brunswick, NJ 08816"}
Completed 200 OK in 58738ms (Views: 10.5ms | ActiveRecord: 0.0ms)


Started GET "/api/v1/listings/10%20Vauxhall%20Road,%20East%20Brunswick,%20NJ%2008816" for 127.0.0.1 at 2017-09-19 14:41:12 -0400
Processing by Api::V1::ListingsController#get_listing as */*
  Parameters: {"address"=>"10 Vauxhall Road, East Brunswick, NJ 08816"}
Completed 200 OK in 5395ms (Views: 13.3ms | ActiveRecord: 0.0ms)


Started GET "/api/v1/listings/10%20Vauxhall%20Road,%20East%20Brunswick,%20NJ%2008816" for 127.0.0.1 at 2017-09-19 14:54:51 -0400
Processing by Api::V1::ListingsController#get_listing as */*
  Parameters: {"address"=>"10 Vauxhall Road, East Brunswick, NJ 08816"}
Completed 200 OK in 666ms (Views: 41.5ms | ActiveRecord: 0.0ms)


Started GET "/api/v1/listings/10%20Vauxhall%20Road,%20East%20Brunswick,%20NJ%2008816" for 127.0.0.1 at 2017-09-19 14:58:14 -0400
Processing by Api::V1::ListingsController#get_listing as */*
  Parameters: {"address"=>"10 Vauxhall Road, East Brunswick, NJ 08816"}
Completed 200 OK in 822ms (Views: 27.2ms | ActiveRecord: 0.0ms)


Started GET "/api/v1/listings/1057%20Coolidge%20Rd,%20Elizabeth,%20NJ%2007208" for 127.0.0.1 at 2017-09-19 15:08:03 -0400
Processing by Api::V1::ListingsController#get_listing as */*
  Parameters: {"address"=>"1057 Coolidge Rd, Elizabeth, NJ 07208"}
Completed 200 OK in 5872ms (Views: 8.1ms | ActiveRecord: 0.0ms)


Started GET "/api/v1/listings/1057%20Coolidge%20Rd,%20Elizabeth,%20NJ%2007208" for 127.0.0.1 at 2017-09-19 15:18:13 -0400
Processing by Api::V1::ListingsController#get_listing as */*
  Parameters: {"address"=>"1057 Coolidge Rd, Elizabeth, NJ 07208"}
Completed 200 OK in 756ms (Views: 33.7ms | ActiveRecord: 0.0ms)


